<?xml version="1.0" encoding="UTF-8"?>
<robot generator="Robot 3.2.1 (Python 3.8.3 on win32)" generated="20200724 00:26:03.904" rpa="false">
<suite id="s1" name="requestTest" source="C:\Users\nlshr\PycharmProjects\robotframework-jenkins-run\requestTest.robot">
<test id="s1-t1" name="Get requests">
<kw name="Create Session" library="RequestsLibrary">
<doc>Create Session: create a HTTP session to a server</doc>
<arguments>
<arg>jenkins-session</arg>
<arg>https://www.jenkins.io</arg>
<arg>disable_warnings=True</arg>
</arguments>
<msg timestamp="20200724 00:26:04.093" level="INFO">Creating Session using : alias=jenkins-session, url=https://www.jenkins.io, headers={},                     cookies={}, auth=None, timeout=None, proxies=None, verify=False,                     debug=0 </msg>
<status status="PASS" starttime="20200724 00:26:04.093" endtime="20200724 00:26:04.094"></status>
</kw>
<kw name="Get Request" library="RequestsLibrary">
<doc>Send a GET request on the session object found using the
given `alias`</doc>
<arguments>
<arg>jenkins-session</arg>
<arg>/site.webmanifest</arg>
</arguments>
<assign>
<var>${response}</var>
</assign>
<msg timestamp="20200724 00:26:04.870" level="INFO">GET Request : url=https://www.jenkins.io/site.webmanifest 
 path_url=/site.webmanifest 
 headers={'User-Agent': 'python-requests/2.24.0', 'Accept-Encoding': 'gzip, deflate', 'Accept': '*/*', 'Connection': 'keep-alive'} 
 body=None 
 </msg>
<msg timestamp="20200724 00:26:04.870" level="INFO">GET Response : url=https://www.jenkins.io/site.webmanifest 
 status=200, reason=OK 
 body={
    "name": "",
    "short_name": "",
    "icons": [
        {
            "src": "/android-chrome-192x192.png",
            "sizes": "192x192",
            "type": "image/png"
        },
        {
            "src": "/android-chrome-512x512.png",
            "sizes": "512x512",
            "type": "image/png"
        }
    ],
    "theme_color": "#ffffff",
    "background_color": "#ffffff",
    "start_url": "https://jenkins.io/",
    "display": "standalone"
}
 
 </msg>
<msg timestamp="20200724 00:26:04.870" level="INFO">${response} = &lt;Response [200]&gt;</msg>
<status status="PASS" starttime="20200724 00:26:04.094" endtime="20200724 00:26:04.871"></status>
</kw>
<kw name="Request Should Be Successful" library="RequestsLibrary">
<doc>Fails if response status code is a client or server error (4xx, 5xx).</doc>
<arguments>
<arg>${response}</arg>
</arguments>
<status status="PASS" starttime="20200724 00:26:04.872" endtime="20200724 00:26:04.873"></status>
</kw>
<kw name="To Json" library="RequestsLibrary">
<doc>Convert a string to a JSON object</doc>
<arguments>
<arg>${response.content}</arg>
</arguments>
<assign>
<var>${response_json}</var>
</assign>
<msg timestamp="20200724 00:26:04.875" level="INFO">To JSON using : content={
    "name": "",
    "short_name": "",
    "icons": [
        {
            "src": "/android-chrome-192x192.png",
            "sizes": "192x192",
            "type": "image/png"
        },
        {
            "src": "/android-chrome-512x512.png",
            "sizes": "512x512",
            "type": "image/png"
        }
    ],
    "theme_color": "#ffffff",
    "background_color": "#ffffff",
    "start_url": "https://jenkins.io/",
    "display": "standalone"
}
 </msg>
<msg timestamp="20200724 00:26:04.875" level="INFO">To JSON using : pretty_print=False </msg>
<msg timestamp="20200724 00:26:04.875" level="INFO">${response_json} = {'name': '', 'short_name': '', 'icons': [{'src': '/android-chrome-192x192.png', 'sizes': '192x192', 'type': 'image/png'}, {'src': '/android-chrome-512x512.png', 'sizes': '512x512', 'type': 'image/png'...</msg>
<status status="PASS" starttime="20200724 00:26:04.874" endtime="20200724 00:26:04.875"></status>
</kw>
<kw name="Log To Console" library="BuiltIn">
<doc>Logs the given message to the console.</doc>
<arguments>
<arg>${response_json}</arg>
</arguments>
<status status="PASS" starttime="20200724 00:26:04.877" endtime="20200724 00:26:04.879"></status>
</kw>
<status status="PASS" starttime="20200724 00:26:04.092" endtime="20200724 00:26:04.880" critical="yes"></status>
</test>
<doc>Suite description</doc>
<status status="PASS" starttime="20200724 00:26:03.907" endtime="20200724 00:26:04.883"></status>
</suite>
<statistics>
<total>
<stat pass="1" fail="0">Critical Tests</stat>
<stat pass="1" fail="0">All Tests</stat>
</total>
<tag>
</tag>
<suite>
<stat pass="1" fail="0" id="s1" name="requestTest">requestTest</stat>
</suite>
</statistics>
<errors>
</errors>
</robot>
